<?xml version="1.0" encoding="UTF-8"?>
<!-- Generated by org.testng.reporters.JUnitReportReporter -->
<testsuite skipped="0" hostname="Adityayadav-PC" name="testExecution.Test_Amazon" tests="1" failures="0" timestamp="2021-06-19T02:19:48 IST" time="11.981" errors="0">
  <testcase name="Test_amazon" time="11.981" classname="testExecution.Test_Amazon"/>
</testsuite> <!-- testExecution.Test_Amazon -->
