<?xml version="1.0" encoding="UTF-8"?>
<!-- Generated by org.testng.reporters.JUnitReportReporter -->
<testsuite skipped="0" hostname="Adityayadav-PC" name="testExecution.Test_Amazon" tests="1" failures="0" timestamp="2021-07-12T18:02:36 IST" time="12.610" errors="0">
  <testcase name="Test_amazon" time="12.610" classname="testExecution.Test_Amazon"/>
</testsuite> <!-- testExecution.Test_Amazon -->
