<?xml version="1.0" encoding="UTF-8"?>
<!-- Generated by org.testng.reporters.JUnitReportReporter -->
<testsuite skipped="0" hostname="Adityayadav-PC" name="testExecution.TestFlipkart" tests="2" failures="0" timestamp="2021-07-11T20:06:02 IST" time="4.527" errors="0">
  <testcase name="TestFlipkartfun" time="0.852" classname="testExecution.TestFlipkart"/>
  <testcase name="TestFashion" time="3.675" classname="testExecution.TestFlipkart"/>
</testsuite> <!-- testExecution.TestFlipkart -->
