<?xml version="1.0" encoding="UTF-8"?>
<!-- Generated by org.testng.reporters.JUnitReportReporter -->
<testsuite skipped="0" hostname="Adityayadav-PC" name="testExecution.TestFlipkart" tests="1" failures="0" timestamp="2021-07-12T18:02:36 IST" time="0.807" errors="0">
  <testcase name="TestFlipkartfun" time="0.807" classname="testExecution.TestFlipkart"/>
</testsuite> <!-- testExecution.TestFlipkart -->
